2021-02-19 09:20:43.368  INFO 13816 --- [restartedMain] com.atalaya.AtalayaApplication           : Starting AtalayaApplication using Java 1.8.0_231 on PC1BXD99 with PID 13816 (C:\Users\0011564\git\atalayaFull\target\classes started by 0011564 in C:\Users\0011564\git\atalayaFull)
2021-02-19 09:20:43.384  INFO 13816 --- [restartedMain] com.atalaya.AtalayaApplication           : No active profile set, falling back to default profiles: default
2021-02-19 09:20:43.525  INFO 13816 --- [restartedMain] .e.DevToolsPropertyDefaultsPostProcessor : Devtools property defaults active! Set 'spring.devtools.add-properties' to 'false' to disable
2021-02-19 09:20:43.525  INFO 13816 --- [restartedMain] .e.DevToolsPropertyDefaultsPostProcessor : For additional web related logging consider setting the 'logging.level.web' property to 'DEBUG'
2021-02-19 09:20:44.657  INFO 13816 --- [restartedMain] .s.d.r.c.RepositoryConfigurationDelegate : Bootstrapping Spring Data MongoDB repositories in DEFAULT mode.
2021-02-19 09:20:44.727  INFO 13816 --- [restartedMain] .s.d.r.c.RepositoryConfigurationDelegate : Finished Spring Data repository scanning in 64 ms. Found 1 MongoDB repository interfaces.
2021-02-19 09:20:46.059  INFO 13816 --- [restartedMain] o.s.b.w.embedded.tomcat.TomcatWebServer  : Tomcat initialized with port(s): 8090 (http)
2021-02-19 09:20:46.072  INFO 13816 --- [restartedMain] o.apache.catalina.core.StandardService   : Starting service [Tomcat]
2021-02-19 09:20:46.072  INFO 13816 --- [restartedMain] org.apache.catalina.core.StandardEngine  : Starting Servlet engine: [Apache Tomcat/9.0.41]
2021-02-19 09:20:46.168  INFO 13816 --- [restartedMain] o.a.c.c.C.[Tomcat].[localhost].[/]       : Initializing Spring embedded WebApplicationContext
2021-02-19 09:20:46.168  INFO 13816 --- [restartedMain] w.s.c.ServletWebServerApplicationContext : Root WebApplicationContext: initialization completed in 2641 ms
2021-02-19 09:20:46.414  INFO 13816 --- [restartedMain] org.mongodb.driver.cluster               : Cluster created with settings {hosts=[localhost:27017], mode=SINGLE, requiredClusterType=UNKNOWN, serverSelectionTimeout='30000 ms'}
2021-02-19 09:20:46.529  INFO 13816 --- [cluster-rtt-ClusterId{value='602f74de5c4aef76ded0e31c', description='null'}-localhost:27017] org.mongodb.driver.connection            : Opened connection [connectionId{localValue:2, serverValue:13}] to localhost:27017
2021-02-19 09:20:46.529  INFO 13816 --- [cluster-ClusterId{value='602f74de5c4aef76ded0e31c', description='null'}-localhost:27017] org.mongodb.driver.connection            : Opened connection [connectionId{localValue:1, serverValue:14}] to localhost:27017
2021-02-19 09:20:46.530  INFO 13816 --- [cluster-ClusterId{value='602f74de5c4aef76ded0e31c', description='null'}-localhost:27017] org.mongodb.driver.cluster               : Monitor thread successfully connected to server with description ServerDescription{address=localhost:27017, type=STANDALONE, state=CONNECTED, ok=true, minWireVersion=0, maxWireVersion=9, maxDocumentSize=16777216, logicalSessionTimeoutMinutes=30, roundTripTimeNanos=34731200}
2021-02-19 09:20:46.815  INFO 13816 --- [restartedMain] o.s.b.d.a.OptionalLiveReloadServer       : LiveReload server is running on port 35729
2021-02-19 09:20:47.246  INFO 13816 --- [restartedMain] o.s.s.concurrent.ThreadPoolTaskExecutor  : Initializing ExecutorService 'applicationTaskExecutor'
2021-02-19 09:20:47.660  INFO 13816 --- [restartedMain] o.s.b.w.embedded.tomcat.TomcatWebServer  : Tomcat started on port(s): 8090 (http) with context path ''
2021-02-19 09:20:47.675  INFO 13816 --- [restartedMain] com.atalaya.AtalayaApplication           : Started AtalayaApplication in 4.89 seconds (JVM running for 5.507)
2021-02-19 09:24:24.643  INFO 13816 --- [http-nio-8090-exec-1] o.a.c.c.C.[Tomcat].[localhost].[/]       : Initializing Spring DispatcherServlet 'dispatcherServlet'
2021-02-19 09:24:24.643  INFO 13816 --- [http-nio-8090-exec-1] o.s.web.servlet.DispatcherServlet        : Initializing Servlet 'dispatcherServlet'
2021-02-19 09:24:24.646  INFO 13816 --- [http-nio-8090-exec-1] o.s.web.servlet.DispatcherServlet        : Completed initialization in 2 ms
2021-02-19 09:24:24.762  INFO 13816 --- [http-nio-8090-exec-1] org.mongodb.driver.connection            : Opened connection [connectionId{localValue:3, serverValue:15}] to localhost:27017
2021-02-19 10:05:26.375  INFO 16688 --- [restartedMain] com.atalaya.AtalayaApplication           : Starting AtalayaApplication using Java 1.8.0_231 on PC1BXD99 with PID 16688 (C:\Users\0011564\git\atalayaFull\target\classes started by 0011564 in C:\Users\0011564\git\atalayaFull)
2021-02-19 10:05:26.379  INFO 16688 --- [restartedMain] com.atalaya.AtalayaApplication           : No active profile set, falling back to default profiles: default
2021-02-19 10:05:26.469  INFO 16688 --- [restartedMain] .e.DevToolsPropertyDefaultsPostProcessor : Devtools property defaults active! Set 'spring.devtools.add-properties' to 'false' to disable
2021-02-19 10:05:26.470  INFO 16688 --- [restartedMain] .e.DevToolsPropertyDefaultsPostProcessor : For additional web related logging consider setting the 'logging.level.web' property to 'DEBUG'
2021-02-19 10:05:27.369  INFO 16688 --- [restartedMain] .s.d.r.c.RepositoryConfigurationDelegate : Bootstrapping Spring Data MongoDB repositories in DEFAULT mode.
2021-02-19 10:05:27.444  INFO 16688 --- [restartedMain] .s.d.r.c.RepositoryConfigurationDelegate : Finished Spring Data repository scanning in 68 ms. Found 1 MongoDB repository interfaces.
2021-02-19 10:05:28.994  INFO 16688 --- [restartedMain] o.s.b.w.embedded.tomcat.TomcatWebServer  : Tomcat initialized with port(s): 8090 (http)
2021-02-19 10:05:29.009  INFO 16688 --- [restartedMain] o.apache.catalina.core.StandardService   : Starting service [Tomcat]
2021-02-19 10:05:29.010  INFO 16688 --- [restartedMain] org.apache.catalina.core.StandardEngine  : Starting Servlet engine: [Apache Tomcat/9.0.41]
2021-02-19 10:05:29.118  INFO 16688 --- [restartedMain] o.a.c.c.C.[Tomcat].[localhost].[/]       : Initializing Spring embedded WebApplicationContext
2021-02-19 10:05:29.119  INFO 16688 --- [restartedMain] w.s.c.ServletWebServerApplicationContext : Root WebApplicationContext: initialization completed in 2648 ms
2021-02-19 10:05:29.362  INFO 16688 --- [restartedMain] org.mongodb.driver.cluster               : Cluster created with settings {hosts=[localhost:27017], mode=SINGLE, requiredClusterType=UNKNOWN, serverSelectionTimeout='30000 ms'}
2021-02-19 10:05:29.480  INFO 16688 --- [cluster-rtt-ClusterId{value='602f7f596f9697213eeac45f', description='null'}-localhost:27017] org.mongodb.driver.connection            : Opened connection [connectionId{localValue:1, serverValue:13}] to localhost:27017
2021-02-19 10:05:29.480  INFO 16688 --- [cluster-ClusterId{value='602f7f596f9697213eeac45f', description='null'}-localhost:27017] org.mongodb.driver.connection            : Opened connection [connectionId{localValue:2, serverValue:14}] to localhost:27017
2021-02-19 10:05:29.489  INFO 16688 --- [cluster-ClusterId{value='602f7f596f9697213eeac45f', description='null'}-localhost:27017] org.mongodb.driver.cluster               : Monitor thread successfully connected to server with description ServerDescription{address=localhost:27017, type=STANDALONE, state=CONNECTED, ok=true, minWireVersion=0, maxWireVersion=9, maxDocumentSize=16777216, logicalSessionTimeoutMinutes=30, roundTripTimeNanos=37171800}
2021-02-19 10:05:29.781  INFO 16688 --- [restartedMain] o.s.b.d.a.OptionalLiveReloadServer       : LiveReload server is running on port 35729
2021-02-19 10:05:30.284  INFO 16688 --- [restartedMain] o.s.s.concurrent.ThreadPoolTaskExecutor  : Initializing ExecutorService 'applicationTaskExecutor'
2021-02-19 10:05:30.658  INFO 16688 --- [restartedMain] o.s.b.w.embedded.tomcat.TomcatWebServer  : Tomcat started on port(s): 8090 (http) with context path ''
2021-02-19 10:05:30.671  INFO 16688 --- [restartedMain] com.atalaya.AtalayaApplication           : Started AtalayaApplication in 4.969 seconds (JVM running for 5.721)
2021-02-19 10:05:41.299  INFO 16688 --- [http-nio-8090-exec-1] o.a.c.c.C.[Tomcat].[localhost].[/]       : Initializing Spring DispatcherServlet 'dispatcherServlet'
2021-02-19 10:05:41.300  INFO 16688 --- [http-nio-8090-exec-1] o.s.web.servlet.DispatcherServlet        : Initializing Servlet 'dispatcherServlet'
2021-02-19 10:05:41.303  INFO 16688 --- [http-nio-8090-exec-1] o.s.web.servlet.DispatcherServlet        : Completed initialization in 2 ms
2021-02-19 10:05:41.416  INFO 16688 --- [http-nio-8090-exec-1] org.mongodb.driver.connection            : Opened connection [connectionId{localValue:3, serverValue:15}] to localhost:27017
2021-02-19 10:28:53.191  INFO 8048 --- [main] com.atalaya.AtalayaApplicationTests      : Starting AtalayaApplicationTests using Java 1.8.0_231 on PC1BXD99 with PID 8048 (started by 0011564 in C:\Users\0011564\git\atalayaFull)
2021-02-19 10:28:53.195  INFO 8048 --- [main] com.atalaya.AtalayaApplicationTests      : No active profile set, falling back to default profiles: default
2021-02-19 10:28:53.985  INFO 8048 --- [main] .s.d.r.c.RepositoryConfigurationDelegate : Bootstrapping Spring Data MongoDB repositories in DEFAULT mode.
2021-02-19 10:28:54.073  INFO 8048 --- [main] .s.d.r.c.RepositoryConfigurationDelegate : Finished Spring Data repository scanning in 80 ms. Found 1 MongoDB repository interfaces.
2021-02-19 10:28:55.474  INFO 8048 --- [main] org.mongodb.driver.cluster               : Cluster created with settings {hosts=[localhost:27017], mode=SINGLE, requiredClusterType=UNKNOWN, serverSelectionTimeout='30000 ms'}
2021-02-19 10:28:55.592  INFO 8048 --- [cluster-ClusterId{value='602f84d76411b71ee045f8bd', description='null'}-localhost:27017] org.mongodb.driver.connection            : Opened connection [connectionId{localValue:1, serverValue:16}] to localhost:27017
2021-02-19 10:28:55.592  INFO 8048 --- [cluster-rtt-ClusterId{value='602f84d76411b71ee045f8bd', description='null'}-localhost:27017] org.mongodb.driver.connection            : Opened connection [connectionId{localValue:2, serverValue:17}] to localhost:27017
2021-02-19 10:28:55.593  INFO 8048 --- [cluster-ClusterId{value='602f84d76411b71ee045f8bd', description='null'}-localhost:27017] org.mongodb.driver.cluster               : Monitor thread successfully connected to server with description ServerDescription{address=localhost:27017, type=STANDALONE, state=CONNECTED, ok=true, minWireVersion=0, maxWireVersion=9, maxDocumentSize=16777216, logicalSessionTimeoutMinutes=30, roundTripTimeNanos=39352100}
2021-02-19 10:28:56.828  INFO 8048 --- [main] o.s.s.concurrent.ThreadPoolTaskExecutor  : Initializing ExecutorService 'applicationTaskExecutor'
2021-02-19 10:28:57.454  INFO 8048 --- [main] com.atalaya.AtalayaApplicationTests      : Started AtalayaApplicationTests in 4.848 seconds (JVM running for 6.502)
2021-02-19 10:28:58.004  INFO 8048 --- [SpringContextShutdownHook] o.s.s.concurrent.ThreadPoolTaskExecutor  : Shutting down ExecutorService 'applicationTaskExecutor'
2021-02-19 10:36:54.202  INFO 23260 --- [main] com.atalaya.AtalayaApplicationTests      : Starting AtalayaApplicationTests using Java 1.8.0_231 on PC1BXD99 with PID 23260 (started by 0011564 in C:\Users\0011564\git\atalayaFull)
2021-02-19 10:36:54.207  INFO 23260 --- [main] com.atalaya.AtalayaApplicationTests      : No active profile set, falling back to default profiles: default
2021-02-19 10:36:55.040  INFO 23260 --- [main] .s.d.r.c.RepositoryConfigurationDelegate : Bootstrapping Spring Data MongoDB repositories in DEFAULT mode.
2021-02-19 10:36:55.127  INFO 23260 --- [main] .s.d.r.c.RepositoryConfigurationDelegate : Finished Spring Data repository scanning in 79 ms. Found 1 MongoDB repository interfaces.
2021-02-19 10:36:56.515  INFO 23260 --- [main] org.mongodb.driver.cluster               : Cluster created with settings {hosts=[localhost:27017], mode=SINGLE, requiredClusterType=UNKNOWN, serverSelectionTimeout='30000 ms'}
2021-02-19 10:36:56.618  INFO 23260 --- [cluster-ClusterId{value='602f86b870c9ef1580c3797f', description='null'}-localhost:27017] org.mongodb.driver.connection            : Opened connection [connectionId{localValue:1, serverValue:19}] to localhost:27017
2021-02-19 10:36:56.618  INFO 23260 --- [cluster-rtt-ClusterId{value='602f86b870c9ef1580c3797f', description='null'}-localhost:27017] org.mongodb.driver.connection            : Opened connection [connectionId{localValue:2, serverValue:18}] to localhost:27017
2021-02-19 10:36:56.619  INFO 23260 --- [cluster-ClusterId{value='602f86b870c9ef1580c3797f', description='null'}-localhost:27017] org.mongodb.driver.cluster               : Monitor thread successfully connected to server with description ServerDescription{address=localhost:27017, type=STANDALONE, state=CONNECTED, ok=true, minWireVersion=0, maxWireVersion=9, maxDocumentSize=16777216, logicalSessionTimeoutMinutes=30, roundTripTimeNanos=37736300}
2021-02-19 10:36:57.825  INFO 23260 --- [main] o.s.s.concurrent.ThreadPoolTaskExecutor  : Initializing ExecutorService 'applicationTaskExecutor'
2021-02-19 10:36:58.457  INFO 23260 --- [main] com.atalaya.AtalayaApplicationTests      : Started AtalayaApplicationTests in 4.781 seconds (JVM running for 6.21)
2021-02-19 10:36:58.920  INFO 23260 --- [SpringContextShutdownHook] o.s.s.concurrent.ThreadPoolTaskExecutor  : Shutting down ExecutorService 'applicationTaskExecutor'
2021-02-19 11:13:05.381  INFO 17752 --- [restartedMain] com.atalaya.AtalayaApplication           : Starting AtalayaApplication using Java 1.8.0_231 on PC1BXD99 with PID 17752 (C:\Users\0011564\git\atalayaFull\target\classes started by 0011564 in C:\Users\0011564\git\atalayaFull)
2021-02-19 11:13:05.392  INFO 17752 --- [restartedMain] com.atalaya.AtalayaApplication           : No active profile set, falling back to default profiles: default
2021-02-19 11:13:05.549  INFO 17752 --- [restartedMain] .e.DevToolsPropertyDefaultsPostProcessor : Devtools property defaults active! Set 'spring.devtools.add-properties' to 'false' to disable
2021-02-19 11:13:05.549  INFO 17752 --- [restartedMain] .e.DevToolsPropertyDefaultsPostProcessor : For additional web related logging consider setting the 'logging.level.web' property to 'DEBUG'
2021-02-19 11:13:07.179  INFO 17752 --- [restartedMain] .s.d.r.c.RepositoryConfigurationDelegate : Bootstrapping Spring Data MongoDB repositories in DEFAULT mode.
2021-02-19 11:13:07.293  INFO 17752 --- [restartedMain] .s.d.r.c.RepositoryConfigurationDelegate : Finished Spring Data repository scanning in 104 ms. Found 1 MongoDB repository interfaces.
2021-02-19 11:13:09.562  INFO 17752 --- [restartedMain] o.s.b.w.embedded.tomcat.TomcatWebServer  : Tomcat initialized with port(s): 8084 (http)
2021-02-19 11:13:09.591  INFO 17752 --- [restartedMain] o.apache.catalina.core.StandardService   : Starting service [Tomcat]
2021-02-19 11:13:09.592  INFO 17752 --- [restartedMain] org.apache.catalina.core.StandardEngine  : Starting Servlet engine: [Apache Tomcat/9.0.41]
2021-02-19 11:13:09.758  INFO 17752 --- [restartedMain] o.a.c.c.C.[Tomcat].[localhost].[/]       : Initializing Spring embedded WebApplicationContext
2021-02-19 11:13:09.759  INFO 17752 --- [restartedMain] w.s.c.ServletWebServerApplicationContext : Root WebApplicationContext: initialization completed in 4208 ms
2021-02-19 11:13:10.249  INFO 17752 --- [restartedMain] org.mongodb.driver.cluster               : Cluster created with settings {hosts=[localhost:27017], mode=SINGLE, requiredClusterType=UNKNOWN, serverSelectionTimeout='30000 ms'}
2021-02-19 11:13:10.472  INFO 17752 --- [cluster-ClusterId{value='602f8f362b691768a636a52a', description='null'}-localhost:27017] org.mongodb.driver.connection            : Opened connection [connectionId{localValue:2, serverValue:13}] to localhost:27017
2021-02-19 11:13:10.472  INFO 17752 --- [cluster-rtt-ClusterId{value='602f8f362b691768a636a52a', description='null'}-localhost:27017] org.mongodb.driver.connection            : Opened connection [connectionId{localValue:1, serverValue:14}] to localhost:27017
2021-02-19 11:13:10.473  INFO 17752 --- [cluster-ClusterId{value='602f8f362b691768a636a52a', description='null'}-localhost:27017] org.mongodb.driver.cluster               : Monitor thread successfully connected to server with description ServerDescription{address=localhost:27017, type=STANDALONE, state=CONNECTED, ok=true, minWireVersion=0, maxWireVersion=9, maxDocumentSize=16777216, logicalSessionTimeoutMinutes=30, roundTripTimeNanos=62199300}
2021-02-19 11:13:11.221  INFO 17752 --- [restartedMain] o.s.b.d.a.OptionalLiveReloadServer       : LiveReload server is running on port 35729
2021-02-19 11:13:11.872  INFO 17752 --- [restartedMain] o.s.s.concurrent.ThreadPoolTaskExecutor  : Initializing ExecutorService 'applicationTaskExecutor'
2021-02-19 11:13:12.525  INFO 17752 --- [restartedMain] o.s.b.w.embedded.tomcat.TomcatWebServer  : Tomcat started on port(s): 8084 (http) with context path ''
2021-02-19 11:13:12.543  INFO 17752 --- [restartedMain] com.atalaya.AtalayaApplication           : Started AtalayaApplication in 8.361 seconds (JVM running for 10.127)
2021-02-19 11:13:23.415  INFO 17752 --- [http-nio-8084-exec-2] o.a.c.c.C.[Tomcat].[localhost].[/]       : Initializing Spring DispatcherServlet 'dispatcherServlet'
2021-02-19 11:13:23.415  INFO 17752 --- [http-nio-8084-exec-2] o.s.web.servlet.DispatcherServlet        : Initializing Servlet 'dispatcherServlet'
2021-02-19 11:13:23.417  INFO 17752 --- [http-nio-8084-exec-2] o.s.web.servlet.DispatcherServlet        : Completed initialization in 2 ms
2021-02-19 11:13:23.577  INFO 17752 --- [http-nio-8084-exec-2] org.mongodb.driver.connection            : Opened connection [connectionId{localValue:3, serverValue:15}] to localhost:27017
2021-02-19 11:13:23.698  INFO 17752 --- [http-nio-8084-exec-2] com.atalaya.evaluador.AnalisisProxy      : El valor pasado como numero de hilos NO es un valor válido. Se deja como MONOHILO
2021-02-19 11:13:23.699  INFO 17752 --- [http-nio-8084-exec-2] com.atalaya.evaluador.AnalisisProxy      : condicion completa a evaluar:  (#AlumnosMalagaNota.ROWCOUNT > 0)
2021-02-19 11:13:23.701  INFO 17752 --- [http-nio-8084-exec-2] com.atalaya.evaluador.AnalisisProxy      : Interpretando operando de tipo indicador: AlumnosMalagaNota
2021-02-19 11:13:28.512 ERROR 17752 --- [http-nio-8084-exec-2] o.a.c.c.C.[.[.[/].[dispatcherServlet]    : Servlet.service() for servlet [dispatcherServlet] in context with path [] threw exception [Request processing failed; nested exception is java.lang.NullPointerException] with root cause

java.lang.NullPointerException: null
	at com.atalaya.evaluador.IndicadorProxy.ejecutar(IndicadorProxy.java:365) ~[classes/:na]
	at com.atalaya.evaluador.Evaluador.interpretarOperando(Evaluador.java:1236) ~[classes/:na]
	at com.atalaya.evaluador.Evaluador.evaluaCondicionSimple(Evaluador.java:1036) ~[classes/:na]
	at com.atalaya.evaluador.Evaluador.evaluaCondicionMultiple(Evaluador.java:1012) ~[classes/:na]
	at com.atalaya.evaluador.Evaluador.evaluarCriterio(Evaluador.java:229) ~[classes/:na]
	at com.atalaya.evaluador.Evaluador.evaluarAnalisis(Evaluador.java:133) ~[classes/:na]
	at com.atalaya.AtalayaApplication.consultaranalisis(AtalayaApplication.java:68) ~[classes/:na]
	at sun.reflect.NativeMethodAccessorImpl.invoke0(Native Method) ~[na:1.8.0_231]
	at sun.reflect.NativeMethodAccessorImpl.invoke(Unknown Source) ~[na:1.8.0_231]
	at sun.reflect.DelegatingMethodAccessorImpl.invoke(Unknown Source) ~[na:1.8.0_231]
	at java.lang.reflect.Method.invoke(Unknown Source) ~[na:1.8.0_231]
	at org.springframework.web.method.support.InvocableHandlerMethod.doInvoke(InvocableHandlerMethod.java:197) ~[spring-web-5.3.2.jar:5.3.2]
	at org.springframework.web.method.support.InvocableHandlerMethod.invokeForRequest(InvocableHandlerMethod.java:141) ~[spring-web-5.3.2.jar:5.3.2]
	at org.springframework.web.servlet.mvc.method.annotation.ServletInvocableHandlerMethod.invokeAndHandle(ServletInvocableHandlerMethod.java:106) ~[spring-webmvc-5.3.2.jar:5.3.2]
	at org.springframework.web.servlet.mvc.method.annotation.RequestMappingHandlerAdapter.invokeHandlerMethod(RequestMappingHandlerAdapter.java:894) ~[spring-webmvc-5.3.2.jar:5.3.2]
	at org.springframework.web.servlet.mvc.method.annotation.RequestMappingHandlerAdapter.handleInternal(RequestMappingHandlerAdapter.java:808) ~[spring-webmvc-5.3.2.jar:5.3.2]
	at org.springframework.web.servlet.mvc.method.AbstractHandlerMethodAdapter.handle(AbstractHandlerMethodAdapter.java:87) ~[spring-webmvc-5.3.2.jar:5.3.2]
	at org.springframework.web.servlet.DispatcherServlet.doDispatch(DispatcherServlet.java:1061) ~[spring-webmvc-5.3.2.jar:5.3.2]
	at org.springframework.web.servlet.DispatcherServlet.doService(DispatcherServlet.java:961) ~[spring-webmvc-5.3.2.jar:5.3.2]
	at org.springframework.web.servlet.FrameworkServlet.processRequest(FrameworkServlet.java:1006) ~[spring-webmvc-5.3.2.jar:5.3.2]
	at org.springframework.web.servlet.FrameworkServlet.doGet(FrameworkServlet.java:898) ~[spring-webmvc-5.3.2.jar:5.3.2]
	at javax.servlet.http.HttpServlet.service(HttpServlet.java:626) ~[tomcat-embed-core-9.0.41.jar:4.0.FR]
	at org.springframework.web.servlet.FrameworkServlet.service(FrameworkServlet.java:883) ~[spring-webmvc-5.3.2.jar:5.3.2]
	at javax.servlet.http.HttpServlet.service(HttpServlet.java:733) ~[tomcat-embed-core-9.0.41.jar:4.0.FR]
	at org.apache.catalina.core.ApplicationFilterChain.internalDoFilter(ApplicationFilterChain.java:231) ~[tomcat-embed-core-9.0.41.jar:9.0.41]
	at org.apache.catalina.core.ApplicationFilterChain.doFilter(ApplicationFilterChain.java:166) ~[tomcat-embed-core-9.0.41.jar:9.0.41]
	at org.apache.tomcat.websocket.server.WsFilter.doFilter(WsFilter.java:53) ~[tomcat-embed-websocket-9.0.41.jar:9.0.41]
	at org.apache.catalina.core.ApplicationFilterChain.internalDoFilter(ApplicationFilterChain.java:193) ~[tomcat-embed-core-9.0.41.jar:9.0.41]
	at org.apache.catalina.core.ApplicationFilterChain.doFilter(ApplicationFilterChain.java:166) ~[tomcat-embed-core-9.0.41.jar:9.0.41]
	at org.springframework.web.filter.RequestContextFilter.doFilterInternal(RequestContextFilter.java:100) ~[spring-web-5.3.2.jar:5.3.2]
	at org.springframework.web.filter.OncePerRequestFilter.doFilter(OncePerRequestFilter.java:119) ~[spring-web-5.3.2.jar:5.3.2]
	at org.apache.catalina.core.ApplicationFilterChain.internalDoFilter(ApplicationFilterChain.java:193) ~[tomcat-embed-core-9.0.41.jar:9.0.41]
	at org.apache.catalina.core.ApplicationFilterChain.doFilter(ApplicationFilterChain.java:166) ~[tomcat-embed-core-9.0.41.jar:9.0.41]
	at org.springframework.web.filter.FormContentFilter.doFilterInternal(FormContentFilter.java:93) ~[spring-web-5.3.2.jar:5.3.2]
	at org.springframework.web.filter.OncePerRequestFilter.doFilter(OncePerRequestFilter.java:119) ~[spring-web-5.3.2.jar:5.3.2]
	at org.apache.catalina.core.ApplicationFilterChain.internalDoFilter(ApplicationFilterChain.java:193) ~[tomcat-embed-core-9.0.41.jar:9.0.41]
	at org.apache.catalina.core.ApplicationFilterChain.doFilter(ApplicationFilterChain.java:166) ~[tomcat-embed-core-9.0.41.jar:9.0.41]
	at org.springframework.web.filter.CharacterEncodingFilter.doFilterInternal(CharacterEncodingFilter.java:201) ~[spring-web-5.3.2.jar:5.3.2]
	at org.springframework.web.filter.OncePerRequestFilter.doFilter(OncePerRequestFilter.java:119) ~[spring-web-5.3.2.jar:5.3.2]
	at org.apache.catalina.core.ApplicationFilterChain.internalDoFilter(ApplicationFilterChain.java:193) ~[tomcat-embed-core-9.0.41.jar:9.0.41]
	at org.apache.catalina.core.ApplicationFilterChain.doFilter(ApplicationFilterChain.java:166) ~[tomcat-embed-core-9.0.41.jar:9.0.41]
	at org.apache.catalina.core.StandardWrapperValve.invoke(StandardWrapperValve.java:202) ~[tomcat-embed-core-9.0.41.jar:9.0.41]
	at org.apache.catalina.core.StandardContextValve.invoke(StandardContextValve.java:97) [tomcat-embed-core-9.0.41.jar:9.0.41]
	at org.apache.catalina.authenticator.AuthenticatorBase.invoke(AuthenticatorBase.java:542) [tomcat-embed-core-9.0.41.jar:9.0.41]
	at org.apache.catalina.core.StandardHostValve.invoke(StandardHostValve.java:143) [tomcat-embed-core-9.0.41.jar:9.0.41]
	at org.apache.catalina.valves.ErrorReportValve.invoke(ErrorReportValve.java:92) [tomcat-embed-core-9.0.41.jar:9.0.41]
	at org.apache.catalina.core.StandardEngineValve.invoke(StandardEngineValve.java:78) [tomcat-embed-core-9.0.41.jar:9.0.41]
	at org.apache.catalina.connector.CoyoteAdapter.service(CoyoteAdapter.java:343) [tomcat-embed-core-9.0.41.jar:9.0.41]
	at org.apache.coyote.http11.Http11Processor.service(Http11Processor.java:374) [tomcat-embed-core-9.0.41.jar:9.0.41]
	at org.apache.coyote.AbstractProcessorLight.process(AbstractProcessorLight.java:65) [tomcat-embed-core-9.0.41.jar:9.0.41]
	at org.apache.coyote.AbstractProtocol$ConnectionHandler.process(AbstractProtocol.java:888) [tomcat-embed-core-9.0.41.jar:9.0.41]
	at org.apache.tomcat.util.net.NioEndpoint$SocketProcessor.doRun(NioEndpoint.java:1597) [tomcat-embed-core-9.0.41.jar:9.0.41]
	at org.apache.tomcat.util.net.SocketProcessorBase.run(SocketProcessorBase.java:49) [tomcat-embed-core-9.0.41.jar:9.0.41]
	at java.util.concurrent.ThreadPoolExecutor.runWorker(Unknown Source) [na:1.8.0_231]
	at java.util.concurrent.ThreadPoolExecutor$Worker.run(Unknown Source) [na:1.8.0_231]
	at org.apache.tomcat.util.threads.TaskThread$WrappingRunnable.run(TaskThread.java:61) [tomcat-embed-core-9.0.41.jar:9.0.41]
	at java.lang.Thread.run(Unknown Source) [na:1.8.0_231]

2021-02-19 11:14:54.958  INFO 12464 --- [restartedMain] com.atalaya.AtalayaApplication           : Starting AtalayaApplication using Java 1.8.0_231 on PC1BXD99 with PID 12464 (C:\Users\0011564\git\atalayaFull\target\classes started by 0011564 in C:\Users\0011564\git\atalayaFull)
2021-02-19 11:14:54.962  INFO 12464 --- [restartedMain] com.atalaya.AtalayaApplication           : No active profile set, falling back to default profiles: default
2021-02-19 11:14:55.033  INFO 12464 --- [restartedMain] .e.DevToolsPropertyDefaultsPostProcessor : Devtools property defaults active! Set 'spring.devtools.add-properties' to 'false' to disable
2021-02-19 11:14:55.033  INFO 12464 --- [restartedMain] .e.DevToolsPropertyDefaultsPostProcessor : For additional web related logging consider setting the 'logging.level.web' property to 'DEBUG'
2021-02-19 11:14:55.988  INFO 12464 --- [restartedMain] .s.d.r.c.RepositoryConfigurationDelegate : Bootstrapping Spring Data MongoDB repositories in DEFAULT mode.
2021-02-19 11:14:56.052  INFO 12464 --- [restartedMain] .s.d.r.c.RepositoryConfigurationDelegate : Finished Spring Data repository scanning in 58 ms. Found 1 MongoDB repository interfaces.
2021-02-19 11:14:57.492  INFO 12464 --- [restartedMain] o.s.b.w.embedded.tomcat.TomcatWebServer  : Tomcat initialized with port(s): 8084 (http)
2021-02-19 11:14:57.508  INFO 12464 --- [restartedMain] o.apache.catalina.core.StandardService   : Starting service [Tomcat]
2021-02-19 11:14:57.508  INFO 12464 --- [restartedMain] org.apache.catalina.core.StandardEngine  : Starting Servlet engine: [Apache Tomcat/9.0.41]
2021-02-19 11:14:57.601  INFO 12464 --- [restartedMain] o.a.c.c.C.[Tomcat].[localhost].[/]       : Initializing Spring embedded WebApplicationContext
2021-02-19 11:14:57.602  INFO 12464 --- [restartedMain] w.s.c.ServletWebServerApplicationContext : Root WebApplicationContext: initialization completed in 2568 ms
2021-02-19 11:14:57.842  INFO 12464 --- [restartedMain] org.mongodb.driver.cluster               : Cluster created with settings {hosts=[localhost:27017], mode=SINGLE, requiredClusterType=UNKNOWN, serverSelectionTimeout='30000 ms'}
2021-02-19 11:14:57.975  INFO 12464 --- [cluster-ClusterId{value='602f8fa10ee84b382e55a1fe', description='null'}-localhost:27017] org.mongodb.driver.connection            : Opened connection [connectionId{localValue:1, serverValue:16}] to localhost:27017
2021-02-19 11:14:57.975  INFO 12464 --- [cluster-ClusterId{value='602f8fa10ee84b382e55a1fe', description='null'}-localhost:27017] org.mongodb.driver.cluster               : Monitor thread successfully connected to server with description ServerDescription{address=localhost:27017, type=STANDALONE, state=CONNECTED, ok=true, minWireVersion=0, maxWireVersion=9, maxDocumentSize=16777216, logicalSessionTimeoutMinutes=30, roundTripTimeNanos=51195400}
2021-02-19 11:14:57.975  INFO 12464 --- [cluster-rtt-ClusterId{value='602f8fa10ee84b382e55a1fe', description='null'}-localhost:27017] org.mongodb.driver.connection            : Opened connection [connectionId{localValue:2, serverValue:17}] to localhost:27017
2021-02-19 11:14:58.394  INFO 12464 --- [restartedMain] o.s.b.d.a.OptionalLiveReloadServer       : LiveReload server is running on port 35729
2021-02-19 11:14:58.877  INFO 12464 --- [restartedMain] o.s.s.concurrent.ThreadPoolTaskExecutor  : Initializing ExecutorService 'applicationTaskExecutor'
2021-02-19 11:14:59.298  INFO 12464 --- [restartedMain] o.s.b.w.embedded.tomcat.TomcatWebServer  : Tomcat started on port(s): 8084 (http) with context path ''
2021-02-19 11:14:59.321  INFO 12464 --- [restartedMain] com.atalaya.AtalayaApplication           : Started AtalayaApplication in 14.9 seconds (JVM running for 15.608)
2021-02-19 11:15:09.083  INFO 12464 --- [http-nio-8084-exec-4] o.a.c.c.C.[Tomcat].[localhost].[/]       : Initializing Spring DispatcherServlet 'dispatcherServlet'
2021-02-19 11:15:09.084  INFO 12464 --- [http-nio-8084-exec-4] o.s.web.servlet.DispatcherServlet        : Initializing Servlet 'dispatcherServlet'
2021-02-19 11:15:09.085  INFO 12464 --- [http-nio-8084-exec-4] o.s.web.servlet.DispatcherServlet        : Completed initialization in 1 ms
2021-02-19 11:15:09.216  INFO 12464 --- [http-nio-8084-exec-4] org.mongodb.driver.connection            : Opened connection [connectionId{localValue:3, serverValue:18}] to localhost:27017
2021-02-19 11:15:09.298  INFO 12464 --- [http-nio-8084-exec-4] com.atalaya.evaluador.AnalisisProxy      : El valor pasado como numero de hilos NO es un valor válido. Se deja como MONOHILO
2021-02-19 11:15:09.299  INFO 12464 --- [http-nio-8084-exec-4] com.atalaya.evaluador.AnalisisProxy      : condicion completa a evaluar:  (#AlumnosMalagaNota.ROWCOUNT > 0)
2021-02-19 11:15:09.301  INFO 12464 --- [http-nio-8084-exec-4] com.atalaya.evaluador.AnalisisProxy      : Interpretando operando de tipo indicador: AlumnosMalagaNota
2021-02-19 11:15:10.579  INFO 12464 --- [http-nio-8084-exec-4] com.atalaya.evaluador.AnalisisProxy      : Arranco nuevo hilo para el indicador AlumnosMalaga | EJEUCTADO | com.atalaya.evaluador.IndicadorProxy@3af23e6a | en la posicion 0
2021-02-19 11:15:18.981  INFO 12464 --- [http-nio-8084-exec-4] com.atalaya.evaluador.AnalisisProxy      : Arranco nuevo hilo para el indicador AlumnosMalagaNota | EJEUCTADO | com.atalaya.evaluador.IndicadorProxy@6bf3be56 | en la posicion 0
2021-02-19 11:15:18.981  INFO 12464 --- [http-nio-8084-exec-4] com.atalaya.evaluador.AnalisisProxy      : El indicador AlumnosMalagaNota ha finalizado.
2021-02-19 11:15:18.981  INFO 12464 --- [http-nio-8084-exec-4] com.atalaya.evaluador.AnalisisProxy      : El numero de hilos ocupados es: 0
2021-02-19 11:20:15.618  INFO 12464 --- [http-nio-8084-exec-10] com.atalaya.evaluador.AnalisisProxy      : El valor pasado como numero de hilos NO es un valor válido. Se deja como MONOHILO
2021-02-19 11:20:15.619  INFO 12464 --- [http-nio-8084-exec-10] com.atalaya.evaluador.AnalisisProxy      : condicion completa a evaluar:  (#AlumnosMalagaNota.ROWCOUNT > 0)
2021-02-19 11:20:15.619  INFO 12464 --- [http-nio-8084-exec-10] com.atalaya.evaluador.AnalisisProxy      : Interpretando operando de tipo indicador: AlumnosMalagaNota
2021-02-19 11:20:15.645  INFO 12464 --- [http-nio-8084-exec-10] com.atalaya.evaluador.AnalisisProxy      : Arranco nuevo hilo para el indicador AlumnosMalaga | EJEUCTADO | com.atalaya.evaluador.IndicadorProxy@2da79022 | en la posicion 0
2021-02-19 11:20:46.217  INFO 12464 --- [http-nio-8084-exec-10] com.atalaya.evaluador.AnalisisProxy      : Arranco nuevo hilo para el indicador AlumnosMalagaNota | EJEUCTADO | com.atalaya.evaluador.IndicadorProxy@d9fc3ff | en la posicion 0
2021-02-19 11:20:46.217  INFO 12464 --- [http-nio-8084-exec-10] com.atalaya.evaluador.AnalisisProxy      : El indicador AlumnosMalagaNota ha finalizado.
2021-02-19 11:20:46.218  INFO 12464 --- [http-nio-8084-exec-10] com.atalaya.evaluador.AnalisisProxy      : El numero de hilos ocupados es: 0
2021-02-19 11:21:22.451  INFO 12464 --- [http-nio-8084-exec-9] com.atalaya.evaluador.AnalisisProxy      : El valor pasado como numero de hilos NO es un valor válido. Se deja como MONOHILO
2021-02-19 11:21:22.451  INFO 12464 --- [http-nio-8084-exec-9] com.atalaya.evaluador.AnalisisProxy      : condicion completa a evaluar:  (#AlumnosMalagaNota.ROWCOUNT > 0)
2021-02-19 11:21:22.452  INFO 12464 --- [http-nio-8084-exec-9] com.atalaya.evaluador.AnalisisProxy      : Interpretando operando de tipo indicador: AlumnosMalagaNota
2021-02-19 11:21:22.475  INFO 12464 --- [http-nio-8084-exec-9] com.atalaya.evaluador.AnalisisProxy      : Arranco nuevo hilo para el indicador AlumnosMalaga | EJEUCTADO | com.atalaya.evaluador.IndicadorProxy@47e22a56 | en la posicion 0
2021-02-19 11:24:23.150  INFO 12464 --- [http-nio-8084-exec-9] com.atalaya.evaluador.AnalisisProxy      : Arranco nuevo hilo para el indicador AlumnosMalagaNota | EJEUCTADO | com.atalaya.evaluador.IndicadorProxy@23830e7d | en la posicion 0
2021-02-19 11:24:23.150  INFO 12464 --- [http-nio-8084-exec-9] com.atalaya.evaluador.AnalisisProxy      : El indicador AlumnosMalagaNota ha finalizado.
2021-02-19 11:24:23.150  INFO 12464 --- [http-nio-8084-exec-9] com.atalaya.evaluador.AnalisisProxy      : El numero de hilos ocupados es: 0
2021-02-19 11:25:53.859  INFO 12464 --- [http-nio-8084-exec-2] com.atalaya.evaluador.AnalisisProxy      : El valor pasado como numero de hilos NO es un valor válido. Se deja como MONOHILO
2021-02-19 11:25:53.860  INFO 12464 --- [http-nio-8084-exec-2] com.atalaya.evaluador.AnalisisProxy      : condicion completa a evaluar:  (#AlumnosMalagaNota.ROWCOUNT > 0)
2021-02-19 11:25:53.861  INFO 12464 --- [http-nio-8084-exec-2] com.atalaya.evaluador.AnalisisProxy      : Interpretando operando de tipo indicador: AlumnosMalagaNota
2021-02-19 11:25:53.886  INFO 12464 --- [http-nio-8084-exec-2] com.atalaya.evaluador.AnalisisProxy      : Arranco nuevo hilo para el indicador AlumnosMalaga | EJEUCTADO | com.atalaya.evaluador.IndicadorProxy@4c006a64 | en la posicion 0
2021-02-19 11:28:54.556  INFO 12464 --- [http-nio-8084-exec-2] com.atalaya.evaluador.AnalisisProxy      : Arranco nuevo hilo para el indicador AlumnosMalagaNota | EJEUCTADO | com.atalaya.evaluador.IndicadorProxy@7765bd0f | en la posicion 0
2021-02-19 11:28:54.556  INFO 12464 --- [http-nio-8084-exec-2] com.atalaya.evaluador.AnalisisProxy      : El indicador AlumnosMalagaNota ha finalizado.
2021-02-19 11:28:54.556  INFO 12464 --- [http-nio-8084-exec-2] com.atalaya.evaluador.AnalisisProxy      : El numero de hilos ocupados es: 0
2021-02-19 11:30:26.573  INFO 12464 --- [http-nio-8084-exec-8] com.atalaya.evaluador.AnalisisProxy      : Sin información de configuracion de Thread. Ajustamos a MONOHILO
2021-02-19 11:30:26.574  INFO 12464 --- [http-nio-8084-exec-8] com.atalaya.evaluador.AnalisisProxy      : condicion completa a evaluar:  (#AlumnoNota.CALIFICACION > 5)
2021-02-19 11:30:26.574  INFO 12464 --- [http-nio-8084-exec-8] com.atalaya.evaluador.AnalisisProxy      : Interpretando operando de tipo indicador: AlumnoNota
2021-02-19 11:30:26.600  INFO 12464 --- [http-nio-8084-exec-8] com.atalaya.evaluador.AnalisisProxy      : Arranco nuevo hilo para el indicador Alumno | EJEUCTADO | com.atalaya.evaluador.IndicadorProxy@444dbabd | en la posicion 0
2021-02-19 11:30:26.618  INFO 12464 --- [http-nio-8084-exec-8] com.atalaya.evaluador.AnalisisProxy      : Arranco nuevo hilo para el indicador AlumnoNota | EJEUCTADO | com.atalaya.evaluador.IndicadorProxy@1de46c8f | en la posicion 0
2021-02-19 11:30:26.620  INFO 12464 --- [http-nio-8084-exec-8] com.atalaya.evaluador.AnalisisProxy      : El indicador AlumnoNota ha finalizado.
2021-02-19 11:30:26.620  INFO 12464 --- [http-nio-8084-exec-8] com.atalaya.evaluador.AnalisisProxy      : El numero de hilos ocupados es: 0
2021-02-19 11:31:15.038  INFO 12464 --- [http-nio-8084-exec-7] com.atalaya.evaluador.AnalisisProxy      : El valor pasado como numero de hilos NO es un valor válido. Se deja como MONOHILO
2021-02-19 11:31:15.039  INFO 12464 --- [http-nio-8084-exec-7] com.atalaya.evaluador.AnalisisProxy      : condicion completa a evaluar:  (#AlumnoNota.CALIFICACION > 5)
2021-02-19 11:31:15.039  INFO 12464 --- [http-nio-8084-exec-7] com.atalaya.evaluador.AnalisisProxy      : Interpretando operando de tipo indicador: AlumnoNota
2021-02-19 11:31:15.066  INFO 12464 --- [http-nio-8084-exec-7] com.atalaya.evaluador.AnalisisProxy      : Arranco nuevo hilo para el indicador Alumno | EJEUCTADO | com.atalaya.evaluador.IndicadorProxy@b06cf26 | en la posicion 0
2021-02-19 11:31:15.088  INFO 12464 --- [http-nio-8084-exec-7] com.atalaya.evaluador.AnalisisProxy      : Arranco nuevo hilo para el indicador AlumnoNota | EJEUCTADO | com.atalaya.evaluador.IndicadorProxy@4242f257 | en la posicion 0
2021-02-19 11:31:15.088  INFO 12464 --- [http-nio-8084-exec-7] com.atalaya.evaluador.AnalisisProxy      : El indicador AlumnoNota ha finalizado.
2021-02-19 11:31:15.089  INFO 12464 --- [http-nio-8084-exec-7] com.atalaya.evaluador.AnalisisProxy      : El numero de hilos ocupados es: 0
2021-02-19 11:33:58.978  INFO 12464 --- [http-nio-8084-exec-6] com.atalaya.evaluador.AnalisisProxy      : ESTAMOS EN MODO MULTIHILO CON  10  HILOS EN DISPOSICION....
2021-02-19 11:33:58.979  INFO 12464 --- [http-nio-8084-exec-6] com.atalaya.evaluador.AnalisisProxy      : condicion completa a evaluar:  (#AlumnosMalagaNota.ROWCOUNT > 0)
2021-02-19 11:33:58.979  INFO 12464 --- [http-nio-8084-exec-6] com.atalaya.evaluador.AnalisisProxy      : Interpretando operando de tipo indicador: AlumnosMalagaNota
2021-02-19 11:33:59.081  INFO 12464 --- [http-nio-8084-exec-6] com.atalaya.evaluador.AnalisisProxy      : Arranco nuevo hilo para el indicador AlumnosMalaga | EJEUCTADO | com.atalaya.evaluador.IndicadorProxy@71af694d | en la posicion 9
2021-02-19 11:33:59.181  INFO 12464 --- [http-nio-8084-exec-6] com.atalaya.evaluador.AnalisisProxy      : Arranco nuevo hilo para el indicador AlumnosMalagaNota | EJECUTANDO | com.atalaya.evaluador.IndicadorProxy@7f688908 | en la posicion 9
2021-02-19 11:36:14.951  INFO 12464 --- [http-nio-8084-exec-5] com.atalaya.evaluador.AnalisisProxy      : Sin información de configuracion de Thread. Ajustamos a MONOHILO
2021-02-19 11:36:14.952  INFO 12464 --- [http-nio-8084-exec-5] com.atalaya.evaluador.AnalisisProxy      : condicion completa a evaluar:  (#AlumnosMalagaNota.ROWCOUNT > 0)
2021-02-19 11:36:14.953  INFO 12464 --- [http-nio-8084-exec-5] com.atalaya.evaluador.AnalisisProxy      : Interpretando operando de tipo indicador: AlumnosMalagaNota
2021-02-19 11:36:15.052  INFO 12464 --- [http-nio-8084-exec-6] com.atalaya.evaluador.AnalisisProxy      : Arranco nuevo hilo para el indicador AlumnosMalaga | EJEUCTADO | com.atalaya.evaluador.IndicadorProxy@7b57023d | en la posicion 8
2021-02-19 11:36:59.740  INFO 12464 --- [http-nio-8084-exec-6] com.atalaya.evaluador.AnalisisProxy      : El indicador AlumnosMalagaNota ha finalizado.
2021-02-19 11:36:59.740  INFO 12464 --- [http-nio-8084-exec-6] com.atalaya.evaluador.AnalisisProxy      : El numero de hilos ocupados es: 0
2021-02-19 11:39:15.613  INFO 12464 --- [http-nio-8084-exec-5] com.atalaya.evaluador.AnalisisProxy      : Arranco nuevo hilo para el indicador AlumnosMalagaNota | EJEUCTADO | com.atalaya.evaluador.IndicadorProxy@4cea423b | en la posicion 0
2021-02-19 11:39:15.613  INFO 12464 --- [http-nio-8084-exec-5] com.atalaya.evaluador.AnalisisProxy      : El indicador AlumnosMalagaNota ha finalizado.
2021-02-19 11:39:15.613  INFO 12464 --- [http-nio-8084-exec-5] com.atalaya.evaluador.AnalisisProxy      : El numero de hilos ocupados es: 0
2021-02-19 11:39:37.445  INFO 12464 --- [http-nio-8084-exec-2] com.atalaya.evaluador.AnalisisProxy      : Sin información de configuracion de Thread. Ajustamos a MONOHILO
2021-02-19 11:39:37.446  INFO 12464 --- [http-nio-8084-exec-2] com.atalaya.evaluador.AnalisisProxy      : condicion completa a evaluar:  (#AlumnosMalagaNota.ROWCOUNT > 0)
2021-02-19 11:39:37.446  INFO 12464 --- [http-nio-8084-exec-2] com.atalaya.evaluador.AnalisisProxy      : Interpretando operando de tipo indicador: AlumnosMalagaNota
2021-02-19 11:39:37.470  INFO 12464 --- [http-nio-8084-exec-2] com.atalaya.evaluador.AnalisisProxy      : Arranco nuevo hilo para el indicador AlumnosMalaga | EJEUCTADO | com.atalaya.evaluador.IndicadorProxy@76547853 | en la posicion 0
2021-02-19 11:42:06.137  INFO 12464 --- [http-nio-8084-exec-8] com.atalaya.evaluador.AnalisisProxy      : Sin información de configuracion de Thread. Ajustamos a MONOHILO
2021-02-19 11:42:06.138  INFO 12464 --- [http-nio-8084-exec-8] com.atalaya.evaluador.AnalisisProxy      : condicion completa a evaluar:  (#AlumnosMalagaNota.ROWCOUNT > 0)
2021-02-19 11:42:06.138  INFO 12464 --- [http-nio-8084-exec-8] com.atalaya.evaluador.AnalisisProxy      : Interpretando operando de tipo indicador: AlumnosMalagaNota
2021-02-19 11:42:06.160  INFO 12464 --- [http-nio-8084-exec-8] com.atalaya.evaluador.AnalisisProxy      : Arranco nuevo hilo para el indicador AlumnosMalaga | EJEUCTADO | com.atalaya.evaluador.IndicadorProxy@48387e | en la posicion 0
2021-02-19 11:42:07.604  INFO 12464 --- [http-nio-8084-exec-2] com.atalaya.evaluador.AnalisisProxy      : Arranco nuevo hilo para el indicador AlumnosMalagaNota | EJEUCTADO | com.atalaya.evaluador.IndicadorProxy@2bcbeced | en la posicion 0
2021-02-19 11:42:07.604  INFO 12464 --- [http-nio-8084-exec-2] com.atalaya.evaluador.AnalisisProxy      : El indicador AlumnosMalagaNota ha finalizado.
2021-02-19 11:42:07.605  INFO 12464 --- [http-nio-8084-exec-2] com.atalaya.evaluador.AnalisisProxy      : El numero de hilos ocupados es: 0
2021-02-19 11:42:29.684  INFO 12464 --- [http-nio-8084-exec-8] com.atalaya.evaluador.AnalisisProxy      : Arranco nuevo hilo para el indicador AlumnosMalagaNota | EJEUCTADO | com.atalaya.evaluador.IndicadorProxy@1129042c | en la posicion 0
2021-02-19 11:42:29.685  INFO 12464 --- [http-nio-8084-exec-8] com.atalaya.evaluador.AnalisisProxy      : El indicador AlumnosMalagaNota ha finalizado.
2021-02-19 11:42:29.685  INFO 12464 --- [http-nio-8084-exec-8] com.atalaya.evaluador.AnalisisProxy      : El numero de hilos ocupados es: 0
2021-02-19 11:43:29.265  INFO 12464 --- [http-nio-8084-exec-10] com.atalaya.evaluador.AnalisisProxy      : Sin información de configuracion de Thread. Ajustamos a MONOHILO
2021-02-19 11:43:29.265  INFO 12464 --- [http-nio-8084-exec-10] com.atalaya.evaluador.AnalisisProxy      : condicion completa a evaluar:  (#AlumnosMalagaNota.ROWCOUNT > 0)
2021-02-19 11:43:29.266  INFO 12464 --- [http-nio-8084-exec-10] com.atalaya.evaluador.AnalisisProxy      : Interpretando operando de tipo indicador: AlumnosMalagaNota
2021-02-19 11:43:29.293  INFO 12464 --- [http-nio-8084-exec-10] com.atalaya.evaluador.AnalisisProxy      : Arranco nuevo hilo para el indicador AlumnosMalaga | EJEUCTADO | com.atalaya.evaluador.IndicadorProxy@36f22f57 | en la posicion 0
2021-02-19 11:44:30.170  INFO 12464 --- [http-nio-8084-exec-10] com.atalaya.evaluador.AnalisisProxy      : Arranco nuevo hilo para el indicador AlumnosMalagaNota | EJEUCTADO | com.atalaya.evaluador.IndicadorProxy@7590413d | en la posicion 0
2021-02-19 11:44:30.170  INFO 12464 --- [http-nio-8084-exec-10] com.atalaya.evaluador.AnalisisProxy      : El indicador AlumnosMalagaNota ha finalizado.
2021-02-19 11:44:30.170  INFO 12464 --- [http-nio-8084-exec-10] com.atalaya.evaluador.AnalisisProxy      : El numero de hilos ocupados es: 0
2021-02-19 11:52:33.471  INFO 21560 --- [main] com.atalaya.AtalayaApplicationTests      : Starting AtalayaApplicationTests using Java 1.8.0_231 on PC1BXD99 with PID 21560 (started by 0011564 in C:\Users\0011564\git\atalayaFull)
2021-02-19 11:52:33.477  INFO 21560 --- [main] com.atalaya.AtalayaApplicationTests      : No active profile set, falling back to default profiles: default
2021-02-19 11:52:34.493  INFO 21560 --- [main] .s.d.r.c.RepositoryConfigurationDelegate : Bootstrapping Spring Data MongoDB repositories in DEFAULT mode.
2021-02-19 11:52:34.594  INFO 21560 --- [main] .s.d.r.c.RepositoryConfigurationDelegate : Finished Spring Data repository scanning in 93 ms. Found 1 MongoDB repository interfaces.
2021-02-19 11:52:36.181  INFO 21560 --- [main] org.mongodb.driver.cluster               : Cluster created with settings {hosts=[localhost:27017], mode=SINGLE, requiredClusterType=UNKNOWN, serverSelectionTimeout='30000 ms'}
2021-02-19 11:52:37.757  INFO 21560 --- [main] o.s.s.concurrent.ThreadPoolTaskExecutor  : Initializing ExecutorService 'applicationTaskExecutor'
2021-02-19 11:52:38.278  INFO 21560 --- [cluster-ClusterId{value='602f98749fe967799a00ebf5', description='null'}-localhost:27017] org.mongodb.driver.cluster               : Exception in monitor thread while connecting to server localhost:27017

com.mongodb.MongoSocketOpenException: Exception opening socket
	at com.mongodb.internal.connection.SocketStream.open(SocketStream.java:70) ~[mongodb-driver-core-4.1.1.jar:na]
	at com.mongodb.internal.connection.InternalStreamConnection.open(InternalStreamConnection.java:143) ~[mongodb-driver-core-4.1.1.jar:na]
	at com.mongodb.internal.connection.DefaultServerMonitor$ServerMonitorRunnable.lookupServerDescription(DefaultServerMonitor.java:188) ~[mongodb-driver-core-4.1.1.jar:na]
	at com.mongodb.internal.connection.DefaultServerMonitor$ServerMonitorRunnable.run(DefaultServerMonitor.java:144) ~[mongodb-driver-core-4.1.1.jar:na]
	at java.lang.Thread.run(Unknown Source) [na:1.8.0_231]
Caused by: java.net.ConnectException: Connection refused: connect
	at java.net.DualStackPlainSocketImpl.waitForConnect(Native Method) ~[na:1.8.0_231]
	at java.net.DualStackPlainSocketImpl.socketConnect(Unknown Source) ~[na:1.8.0_231]
	at java.net.AbstractPlainSocketImpl.doConnect(Unknown Source) ~[na:1.8.0_231]
	at java.net.AbstractPlainSocketImpl.connectToAddress(Unknown Source) ~[na:1.8.0_231]
	at java.net.AbstractPlainSocketImpl.connect(Unknown Source) ~[na:1.8.0_231]
	at java.net.PlainSocketImpl.connect(Unknown Source) ~[na:1.8.0_231]
	at java.net.SocksSocketImpl.connect(Unknown Source) ~[na:1.8.0_231]
	at java.net.Socket.connect(Unknown Source) ~[na:1.8.0_231]
	at com.mongodb.internal.connection.SocketStreamHelper.initialize(SocketStreamHelper.java:78) ~[mongodb-driver-core-4.1.1.jar:na]
	at com.mongodb.internal.connection.SocketStream.initializeSocket(SocketStream.java:79) ~[mongodb-driver-core-4.1.1.jar:na]
	at com.mongodb.internal.connection.SocketStream.open(SocketStream.java:65) ~[mongodb-driver-core-4.1.1.jar:na]
	... 4 common frames omitted

2021-02-19 11:52:38.486  INFO 21560 --- [main] com.atalaya.AtalayaApplicationTests      : Started AtalayaApplicationTests in 5.702 seconds (JVM running for 7.28)
2021-02-19 11:52:39.213  INFO 21560 --- [SpringContextShutdownHook] o.s.s.concurrent.ThreadPoolTaskExecutor  : Shutting down ExecutorService 'applicationTaskExecutor'
2021-02-19 11:55:23.905  INFO 22944 --- [main] com.atalaya.AtalayaApplicationTests      : Starting AtalayaApplicationTests using Java 1.8.0_231 on PC1BXD99 with PID 22944 (started by 0011564 in C:\Users\0011564\git\atalayaFull)
2021-02-19 11:55:23.913  INFO 22944 --- [main] com.atalaya.AtalayaApplicationTests      : No active profile set, falling back to default profiles: default
2021-02-19 11:55:24.970  INFO 22944 --- [main] .s.d.r.c.RepositoryConfigurationDelegate : Bootstrapping Spring Data MongoDB repositories in DEFAULT mode.
2021-02-19 11:55:25.097  INFO 22944 --- [main] .s.d.r.c.RepositoryConfigurationDelegate : Finished Spring Data repository scanning in 114 ms. Found 1 MongoDB repository interfaces.
2021-02-19 11:55:27.017  INFO 22944 --- [main] org.mongodb.driver.cluster               : Cluster created with settings {hosts=[atalayadb:27017], mode=SINGLE, requiredClusterType=UNKNOWN, serverSelectionTimeout='30000 ms'}
2021-02-19 11:55:29.080  INFO 22944 --- [main] o.s.s.concurrent.ThreadPoolTaskExecutor  : Initializing ExecutorService 'applicationTaskExecutor'
2021-02-19 11:55:30.104  INFO 22944 --- [main] com.atalaya.AtalayaApplicationTests      : Started AtalayaApplicationTests in 7.008 seconds (JVM running for 8.635)
2021-02-19 11:55:30.675  INFO 22944 --- [SpringContextShutdownHook] o.s.s.concurrent.ThreadPoolTaskExecutor  : Shutting down ExecutorService 'applicationTaskExecutor'
